<?xml version="1.0" encoding="UTF-8"?>
<!-- Generated by org.testng.reporters.JUnitReportReporter -->
<testsuite hostname="EC2AMAZ-S11DBRH" failures="1" tests="1" name="runner.RerunRunner" time="7.865" errors="0" timestamp="2023-11-02T13:46:40 GMT" skipped="0">
  <testcase classname="runner.RerunRunner" name="runScenario" time="7.865">
    <failure message="expected [Java Tutorial - Google Search page] but found [Java Tutorial - Google Search]" type="java.lang.AssertionError">
      <![CDATA[java.lang.AssertionError: expected [Java Tutorial - Google Search page] but found [Java Tutorial - Google Search]
at org.testng.Assert.fail(Assert.java:99)
at org.testng.Assert.failNotEquals(Assert.java:1037)
at org.testng.Assert.assertEqualsImpl(Assert.java:140)
at org.testng.Assert.assertEquals(Assert.java:122)
at org.testng.Assert.assertEquals(Assert.java:629)
at org.testng.Assert.assertEquals(Assert.java:639)
at stepDefinition.GooglePageStepDefinition.should_display_java_result_page(GooglePageStepDefinition.java:38)
at ✽.should display Java Result Page(file:///C:/Users/Administrator/eclipse-workspace/BDDSamples/src/test/resources/features/GooglePageSearch.feature:6)
]]>
    </failure>
  </testcase> <!-- runScenario -->
  <system-out/>
</testsuite> <!-- runner.RerunRunner -->
